<?xml version="1.0" encoding="UTF-8"?>
<!-- Generated by org.testng.reporters.JUnitXMLReporter -->
<testsuite hostname="NIS-PC093" name="Nopackage" tests="27" failures="0" timestamp="13 Oct 2017 12:04:58 GMT" time="0.159" errors="0">
  <testcase name="@BeforeSuite launnApplication" time="0.0" classname="BasePackage.DriverClass">
    <failure type="org.openqa.selenium.SessionNotCreatedException" message="A new session could not be created. (Original error: Could not find a connected Android device.) (WARNING: The server did not provide any stacktrace information)
Command duration or timeout: 28.57 seconds
Build info: version: &amp;apos;2.53.1&amp;apos;, revision: &amp;apos;a36b8b1cd5757287168e54b817830adce9b0158d&amp;apos;, time: &amp;apos;2016-06-30 19:26:09&amp;apos;
System info: host: &amp;apos;NIS-PC093&amp;apos;, ip: &amp;apos;192.168.1.93&amp;apos;, os.name: &amp;apos;Windows 10&amp;apos;, os.arch: &amp;apos;amd64&amp;apos;, os.version: &amp;apos;10.0&amp;apos;, java.version: &amp;apos;1.8.0_92&amp;apos;
Driver info: io.appium.java_client.android.AndroidDriver">
      <![CDATA[org.openqa.selenium.SessionNotCreatedException: A new session could not be created. (Original error: Could not find a connected Android device.) (WARNING: The server did not provide any stacktrace information)
Command duration or timeout: 28.57 seconds
Build info: version: '2.53.1', revision: 'a36b8b1cd5757287168e54b817830adce9b0158d', time: '2016-06-30 19:26:09'
System info: host: 'NIS-PC093', ip: '192.168.1.93', os.name: 'Windows 10', os.arch: 'amd64', os.version: '10.0', java.version: '1.8.0_92'
Driver info: io.appium.java_client.android.AndroidDriver
	at org.openqa.selenium.remote.ErrorHandler.createThrowable(ErrorHandler.java:206)
	at org.openqa.selenium.remote.ErrorHandler.throwIfResponseFailed(ErrorHandler.java:158)
	at org.openqa.selenium.remote.RemoteWebDriver.execute(RemoteWebDriver.java:678)
	at io.appium.java_client.DefaultGenericMobileDriver.execute(DefaultGenericMobileDriver.java:42)
	at io.appium.java_client.AppiumDriver.execute(AppiumDriver.java:1)
	at io.appium.java_client.android.AndroidDriver.execute(AndroidDriver.java:1)
	at org.openqa.selenium.remote.RemoteWebDriver.startSession(RemoteWebDriver.java:249)
	at org.openqa.selenium.remote.RemoteWebDriver.<init>(RemoteWebDriver.java:131)
	at org.openqa.selenium.remote.RemoteWebDriver.<init>(RemoteWebDriver.java:144)
	at io.appium.java_client.DefaultGenericMobileDriver.<init>(DefaultGenericMobileDriver.java:37)
	at io.appium.java_client.AppiumDriver.<init>(AppiumDriver.java:161)
	at io.appium.java_client.AppiumDriver.<init>(AppiumDriver.java:170)
	at io.appium.java_client.android.AndroidDriver.<init>(AndroidDriver.java:82)
	at BasePackage.DriverClass.launnApplication(DriverClass.java:59)
... Removed 22 stack frames]]>
    </failure>
  </testcase> <!-- @BeforeSuite launnApplication -->
  <testcase name="createTCCapsule" time="0.001" classname="Test.HomePage">
    <skipped/>
  </testcase> <!-- createTCCapsule -->
  <testcase name="checkExcavatioLocationIncreatedCapsule" time="0.001" classname="Test.HomePage">
    <skipped/>
  </testcase> <!-- checkExcavatioLocationIncreatedCapsule -->
  <testcase name="verifyExcavationDate" time="0.002" classname="Test.HomePage">
    <skipped/>
  </testcase> <!-- verifyExcavationDate -->
  <testcase name="editExcavationLocationandDateandPlace" time="0.008" classname="Test.HomePage">
    <skipped/>
  </testcase> <!-- editExcavationLocationandDateandPlace -->
  <testcase name="checkExcavatioLocationIncreatedCapsuleafterEdit" time="0.007" classname="Test.HomePage">
    <skipped/>
  </testcase> <!-- checkExcavatioLocationIncreatedCapsuleafterEdit -->
  <testcase name="verifyExcavationDateafterEdit" time="0.008" classname="Test.HomePage">
    <skipped/>
  </testcase> <!-- verifyExcavationDateafterEdit -->
  <testcase name="editToPCCapsule" time="0.005" classname="Test.HomePage">
    <skipped/>
  </testcase> <!-- editToPCCapsule -->
  <testcase name="verifyExcavationDateInPC" time="0.002" classname="Test.HomePage">
    <skipped/>
  </testcase> <!-- verifyExcavationDateInPC -->
  <testcase name="verifyDeleteCApsuleValidatioMessage" time="0.002" classname="Test.HomePage">
    <skipped/>
  </testcase> <!-- verifyDeleteCApsuleValidatioMessage -->
  <testcase name="verifyCapsuleExistByClickOnNo" time="0.001" classname="Test.HomePage">
    <skipped/>
  </testcase> <!-- verifyCapsuleExistByClickOnNo -->
  <testcase name="verfyCaosuleNotExistByClickOnYes" time="0.001" classname="Test.HomePage">
    <skipped/>
  </testcase> <!-- verfyCaosuleNotExistByClickOnYes -->
  <testcase name="createPCCapaule" time="0.001" classname="Test.HomePage">
    <skipped/>
  </testcase> <!-- createPCCapaule -->
  <testcase name="checkExcavatioLocationIncreatedPCCapsule" time="0.001" classname="Test.HomePage">
    <skipped/>
  </testcase> <!-- checkExcavatioLocationIncreatedPCCapsule -->
  <testcase name="verifyExcavationDateInPCCApaule" time="0.001" classname="Test.HomePage">
    <skipped/>
  </testcase> <!-- verifyExcavationDateInPCCApaule -->
  <testcase name="editExcavationLocationandDateandPlacePCCapsule" time="0.003" classname="Test.HomePage">
    <skipped/>
  </testcase> <!-- editExcavationLocationandDateandPlacePCCapsule -->
  <testcase name="checkExcavatioLocationIncreatedCapsuleafterEditPCCApaule" time="0.006" classname="Test.HomePage">
    <skipped/>
  </testcase> <!-- checkExcavatioLocationIncreatedCapsuleafterEditPCCApaule -->
  <testcase name="verifyExcavationDateafterEditPCCApaule" time="0.001" classname="Test.HomePage">
    <skipped/>
  </testcase> <!-- verifyExcavationDateafterEditPCCApaule -->
  <testcase name="editPCCApauleToTC" time="0.002" classname="Test.HomePage">
    <skipped/>
  </testcase> <!-- editPCCApauleToTC -->
  <testcase name="verifyExcavationDateInTC" time="0.002" classname="Test.HomePage">
    <skipped/>
  </testcase> <!-- verifyExcavationDateInTC -->
  <testcase name="verifyDeleteCApsuleValidatioMessageTC" time="0.003" classname="Test.HomePage">
    <skipped/>
  </testcase> <!-- verifyDeleteCApsuleValidatioMessageTC -->
  <testcase name="verifyCapsuleExistByClickOnNo1" time="0.003" classname="Test.HomePage">
    <skipped/>
  </testcase> <!-- verifyCapsuleExistByClickOnNo1 -->
  <testcase name="verfyCaosuleNotExistByClickOnYes1" time="0.001" classname="Test.HomePage">
    <skipped/>
  </testcase> <!-- verfyCaosuleNotExistByClickOnYes1 -->
  <testcase name="verifyCapsuleTypevalidationError" time="0.001" classname="Test.HomePage">
    <skipped/>
  </testcase> <!-- verifyCapsuleTypevalidationError -->
  <testcase name="verifySelectIconValidationErrorMessage" time="0.001" classname="Test.HomePage">
    <skipped/>
  </testcase> <!-- verifySelectIconValidationErrorMessage -->
  <testcase name="verifyFillLocationValidationError" time="0.001" classname="Test.HomePage">
    <skipped/>
  </testcase> <!-- verifyFillLocationValidationError -->
  <testcase name="verifyExcavationLocationvalidationError" time="0.001" classname="Test.HomePage">
    <skipped/>
  </testcase> <!-- verifyExcavationLocationvalidationError -->
  <testcase name="verifyUploadImagevalidationError" time="0.001" classname="Test.HomePage">
    <skipped/>
  </testcase> <!-- verifyUploadImagevalidationError -->
</testsuite> <!-- Nopackage -->
